<?xml version="1.0" encoding="UTF-8"?>
<testsuite xmlns:xsi="http://www.w3.org/2001/XMLSchema-instance" xsi:noNamespaceSchemaLocation="https://maven.apache.org/surefire/maven-surefire-plugin/xsd/surefire-test-report-3.0.xsd" version="3.0" name="coe528.lab1.FlightTest" time="0.169" tests="18" errors="0" skipped="0" failures="0">
  <properties>
[...]
</properties>
  <testcase name="testSetOriginalPrice" classname="coe528.lab1.FlightTest" time="0.042">
    <system-out><![CDATA[setOriginalPrice
]]></system-out>
  </testcase>
  <testcase name="testBookASeat" classname="coe528.lab1.FlightTest" time="0.001">
    <system-out><![CDATA[bookASeat
]]></system-out>
  </testcase>
  <testcase name="testToString" classname="coe528.lab1.FlightTest" time="0.026">
    <system-out><![CDATA[toString
]]></system-out>
  </testcase>
  <testcase name="testGetFlightNumber" classname="coe528.lab1.FlightTest" time="0.002">
    <system-out><![CDATA[getFlightNumber
]]></system-out>
  </testcase>
  <testcase name="testSetDestination" classname="coe528.lab1.FlightTest" time="0.006">
    <system-out><![CDATA[setDestination
java.lang.IllegalArgumentException: Flight No. 100 has the same location for both Origin and Destination.
]]></system-out>
  </testcase>
  <testcase name="testGetOriginalPrice" classname="coe528.lab1.FlightTest" time="0.003">
    <system-out><![CDATA[getOriginalPrice
]]></system-out>
  </testcase>
  <testcase name="testSetFlightNumber" classname="coe528.lab1.FlightTest" time="0.002">
    <system-out><![CDATA[setFlightNumber
]]></system-out>
  </testcase>
  <testcase name="testSetNumberOfSeatsLeft" classname="coe528.lab1.FlightTest" time="0.003">
    <system-out><![CDATA[setNumberOfSeatsLeft
]]></system-out>
  </testcase>
  <testcase name="testSetDepartureTime" classname="coe528.lab1.FlightTest" time="0.002">
    <system-out><![CDATA[setDepartureTime
]]></system-out>
  </testcase>
  <testcase name="testInvalidConstructor" classname="coe528.lab1.FlightTest" time="0.001">
    <system-out><![CDATA[InValid Constructor
java.lang.IllegalArgumentException: Origin cannot be the same location as destination.
Invalid Constructor is VALID, since an exception was thrown BUT COUGHT.
]]></system-out>
  </testcase>
  <testcase name="testGetNumberOfSeatsLeft" classname="coe528.lab1.FlightTest" time="0.002">
    <system-out><![CDATA[getNumberOfSeatsLeft
]]></system-out>
  </testcase>
  <testcase name="testGetDestination" classname="coe528.lab1.FlightTest" time="0.001">
    <system-out><![CDATA[getDestination
]]></system-out>
  </testcase>
  <testcase name="testSetOrigin" classname="coe528.lab1.FlightTest" time="0.001">
    <system-out><![CDATA[setOrigin
java.lang.IllegalArgumentException: Flight No. 100 has the same location for both Origin and Destination.
]]></system-out>
  </testcase>
  <testcase name="testSetCapacity" classname="coe528.lab1.FlightTest" time="0.002">
    <system-out><![CDATA[setCapacity
]]></system-out>
  </testcase>
  <testcase name="testGetCapacity" classname="coe528.lab1.FlightTest" time="0.001">
    <system-out><![CDATA[getCapacity
]]></system-out>
  </testcase>
  <testcase name="testGetOrigin" classname="coe528.lab1.FlightTest" time="0.002">
    <system-out><![CDATA[getOrigin
]]></system-out>
  </testcase>
  <testcase name="testGetDepartureTime" classname="coe528.lab1.FlightTest" time="0.002">
    <system-out><![CDATA[getDepartureTime
]]></system-out>
  </testcase>
  <testcase name="testConstructor" classname="coe528.lab1.FlightTest" time="0.003">
    <system-out><![CDATA[Valid Constructor
Constructor is VALID, since no exception was thrown.
]]></system-out>
  </testcase>
</testsuite>